<?xml version="1.0" encoding="UTF-8"?>
<testsuite xmlns:xsi="http://www.w3.org/2001/XMLSchema-instance" xsi:noNamespaceSchemaLocation="https://maven.apache.org/surefire/maven-surefire-plugin/xsd/surefire-test-report-3.0.xsd" version="3.0" name="com.runner.Runner" time="35.319" tests="5" errors="0" skipped="0" failures="0">
  <properties>
[...]
</properties>
  <testcase name="Search for iPhone and the First result is validated" classname="Search in Amazon Application and validate the results" time="15.814">
    <system-out><![CDATA[The Result contains iPhone
]]></system-out>
    <system-err><![CDATA[WARNING: Found tags option '@amazon,@petstore'. Support for '@tag1,@tag2' will be removed from the next release of Cucumber-JVM. Please use '@tag or @tag2' instead
SLF4J: Failed to load class "org.slf4j.impl.StaticLoggerBinder".
SLF4J: Defaulting to no-operation (NOP) logger implementation
SLF4J: See http://www.slf4j.org/codes.html#StaticLoggerBinder for further details.
Starting ChromeDriver 114.0.5735.90 (386bc09e8f4f2e025eddae123f36f6263096ae49-refs/branch-heads/5735@{#1052}) on port 60375
Only local connections are allowed.
Please see https://chromedriver.chromium.org/security-considerations for suggestions on keeping ChromeDriver safe.
ChromeDriver was started successfully.
Jul 19, 2023 2:22:55 PM org.openqa.selenium.remote.ProtocolHandshake createSession
INFO: Detected upstream dialect: W3C
Jul 19, 2023 2:22:55 PM org.openqa.selenium.W3CCapabilityKeysValidator validateCapability
WARNING: Support for Legacy Capabilities is deprecated; You are sending "chrome" which is an invalid capability. Please update to W3C Syntax: https://www.selenium.dev/blog/2022/legacy-protocol-support/
Jul 19, 2023 2:22:55 PM org.openqa.selenium.W3CCapabilityKeysValidator validateCapability
WARNING: Support for Legacy Capabilities is deprecated; You are sending "chrome" which is an invalid capability. Please update to W3C Syntax: https://www.selenium.dev/blog/2022/legacy-protocol-support/
Jul 19, 2023 2:22:55 PM org.openqa.selenium.W3CCapabilityKeysValidator validateCapability
WARNING: Support for Legacy Capabilities is deprecated; You are sending "networkConnectionEnabled" which is an invalid capability. Please update to W3C Syntax: https://www.selenium.dev/blog/2022/legacy-protocol-support/
Jul 19, 2023 2:22:55 PM org.openqa.selenium.W3CCapabilityKeysValidator validateCapability
WARNING: Support for Legacy Capabilities is deprecated; You are sending "networkConnectionEnabled" which is an invalid capability. Please update to W3C Syntax: https://www.selenium.dev/blog/2022/legacy-protocol-support/
Jul 19, 2023 2:22:55 PM org.openqa.selenium.W3CCapabilityKeysValidator validateCapability
WARNING: Support for Legacy Capabilities is deprecated; You are sending "platform" which is an invalid capability. Please update to W3C Syntax: https://www.selenium.dev/blog/2022/legacy-protocol-support/
Jul 19, 2023 2:22:55 PM org.openqa.selenium.W3CCapabilityKeysValidator validateCapability
WARNING: Support for Legacy Capabilities is deprecated; You are sending "platform" which is an invalid capability. Please update to W3C Syntax: https://www.selenium.dev/blog/2022/legacy-protocol-support/
Jul 19, 2023 2:22:55 PM org.openqa.selenium.W3CCapabilityKeysValidator validateCapability
WARNING: Support for Legacy Capabilities is deprecated; You are sending "javascriptEnabled" which is an invalid capability. Please update to W3C Syntax: https://www.selenium.dev/blog/2022/legacy-protocol-support/
Jul 19, 2023 2:22:55 PM org.openqa.selenium.W3CCapabilityKeysValidator validateCapability
WARNING: Support for Legacy Capabilities is deprecated; You are sending "javascriptEnabled" which is an invalid capability. Please update to W3C Syntax: https://www.selenium.dev/blog/2022/legacy-protocol-support/
Jul 19, 2023 2:22:55 PM org.openqa.selenium.devtools.CdpVersionFinder findNearestMatch
WARNING: Unable to find an exact match for CDP version 114, so returning the closest version found: a no-op implementation
Jul 19, 2023 2:22:55 PM org.openqa.selenium.devtools.CdpVersionFinder findNearestMatch
INFO: Unable to find CDP implementation matching 114.
Jul 19, 2023 2:22:55 PM org.openqa.selenium.chromium.ChromiumDriver lambda$new$3
WARNING: Unable to find version of CDP to use for . You may need to include a dependency on a specific version of the CDP using something similar to `org.seleniumhq.selenium:selenium-devtools-v86:4.2.0` where the version ("v86") matches the version of the chromium-based browser you're using and the version number of the artifact is the same as Selenium's.
Jul 19, 2023 2:22:55 PM org.openqa.selenium.W3CCapabilityKeysValidator validateCapability
WARNING: Support for Legacy Capabilities is deprecated; You are sending "chrome" which is an invalid capability. Please update to W3C Syntax: https://www.selenium.dev/blog/2022/legacy-protocol-support/
Jul 19, 2023 2:22:55 PM org.openqa.selenium.W3CCapabilityKeysValidator validateCapability
WARNING: Support for Legacy Capabilities is deprecated; You are sending "javascriptEnabled" which is an invalid capability. Please update to W3C Syntax: https://www.selenium.dev/blog/2022/legacy-protocol-support/
Jul 19, 2023 2:22:55 PM org.openqa.selenium.W3CCapabilityKeysValidator validateCapability
WARNING: Support for Legacy Capabilities is deprecated; You are sending "networkConnectionEnabled" which is an invalid capability. Please update to W3C Syntax: https://www.selenium.dev/blog/2022/legacy-protocol-support/
Jul 19, 2023 2:22:55 PM org.openqa.selenium.W3CCapabilityKeysValidator validateCapability
WARNING: Support for Legacy Capabilities is deprecated; You are sending "platform" which is an invalid capability. Please update to W3C Syntax: https://www.selenium.dev/blog/2022/legacy-protocol-support/
Jul 19, 2023 2:22:55 PM org.openqa.selenium.W3CCapabilityKeysValidator validateCapability
WARNING: Support for Legacy Capabilities is deprecated; You are sending "networkConnectionEnabled" which is an invalid capability. Please update to W3C Syntax: https://www.selenium.dev/blog/2022/legacy-protocol-support/
Jul 19, 2023 2:22:55 PM org.openqa.selenium.W3CCapabilityKeysValidator validateCapability
WARNING: Support for Legacy Capabilities is deprecated; You are sending "chrome" which is an invalid capability. Please update to W3C Syntax: https://www.selenium.dev/blog/2022/legacy-protocol-support/
Jul 19, 2023 2:22:55 PM org.openqa.selenium.W3CCapabilityKeysValidator validateCapability
WARNING: Support for Legacy Capabilities is deprecated; You are sending "platform" which is an invalid capability. Please update to W3C Syntax: https://www.selenium.dev/blog/2022/legacy-protocol-support/
Jul 19, 2023 2:22:55 PM org.openqa.selenium.W3CCapabilityKeysValidator validateCapability
WARNING: Support for Legacy Capabilities is deprecated; You are sending "javascriptEnabled" which is an invalid capability. Please update to W3C Syntax: https://www.selenium.dev/blog/2022/legacy-protocol-support/
Jul 19, 2023 2:22:55 PM org.openqa.selenium.W3CCapabilityKeysValidator validateCapability
WARNING: Support for Legacy Capabilities is deprecated; You are sending "networkConnectionEnabled" which is an invalid capability. Please update to W3C Syntax: https://www.selenium.dev/blog/2022/legacy-protocol-support/
Jul 19, 2023 2:22:55 PM org.openqa.selenium.W3CCapabilityKeysValidator validateCapability
WARNING: Support for Legacy Capabilities is deprecated; You are sending "chrome" which is an invalid capability. Please update to W3C Syntax: https://www.selenium.dev/blog/2022/legacy-protocol-support/
Jul 19, 2023 2:22:55 PM org.openqa.selenium.W3CCapabilityKeysValidator validateCapability
WARNING: Support for Legacy Capabilities is deprecated; You are sending "platform" which is an invalid capability. Please update to W3C Syntax: https://www.selenium.dev/blog/2022/legacy-protocol-support/
Jul 19, 2023 2:22:55 PM org.openqa.selenium.W3CCapabilityKeysValidator validateCapability
WARNING: Support for Legacy Capabilities is deprecated; You are sending "javascriptEnabled" which is an invalid capability. Please update to W3C Syntax: https://www.selenium.dev/blog/2022/legacy-protocol-support/
Jul 19, 2023 2:22:55 PM org.openqa.selenium.W3CCapabilityKeysValidator validateCapability
WARNING: Support for Legacy Capabilities is deprecated; You are sending "networkConnectionEnabled" which is an invalid capability. Please update to W3C Syntax: https://www.selenium.dev/blog/2022/legacy-protocol-support/
Jul 19, 2023 2:22:55 PM org.openqa.selenium.W3CCapabilityKeysValidator validateCapability
WARNING: Support for Legacy Capabilities is deprecated; You are sending "chrome" which is an invalid capability. Please update to W3C Syntax: https://www.selenium.dev/blog/2022/legacy-protocol-support/
Jul 19, 2023 2:22:55 PM org.openqa.selenium.W3CCapabilityKeysValidator validateCapability
WARNING: Support for Legacy Capabilities is deprecated; You are sending "platform" which is an invalid capability. Please update to W3C Syntax: https://www.selenium.dev/blog/2022/legacy-protocol-support/
Jul 19, 2023 2:22:55 PM org.openqa.selenium.W3CCapabilityKeysValidator validateCapability
WARNING: Support for Legacy Capabilities is deprecated; You are sending "javascriptEnabled" which is an invalid capability. Please update to W3C Syntax: https://www.selenium.dev/blog/2022/legacy-protocol-support/
Jul 19, 2023 2:22:55 PM org.openqa.selenium.W3CCapabilityKeysValidator validateCapability
WARNING: Support for Legacy Capabilities is deprecated; You are sending "chrome" which is an invalid capability. Please update to W3C Syntax: https://www.selenium.dev/blog/2022/legacy-protocol-support/
Jul 19, 2023 2:22:55 PM org.openqa.selenium.W3CCapabilityKeysValidator validateCapability
WARNING: Support for Legacy Capabilities is deprecated; You are sending "javascriptEnabled" which is an invalid capability. Please update to W3C Syntax: https://www.selenium.dev/blog/2022/legacy-protocol-support/
Jul 19, 2023 2:22:55 PM org.openqa.selenium.W3CCapabilityKeysValidator validateCapability
WARNING: Support for Legacy Capabilities is deprecated; You are sending "networkConnectionEnabled" which is an invalid capability. Please update to W3C Syntax: https://www.selenium.dev/blog/2022/legacy-protocol-support/
Jul 19, 2023 2:22:55 PM org.openqa.selenium.W3CCapabilityKeysValidator validateCapability
WARNING: Support for Legacy Capabilities is deprecated; You are sending "platform" which is an invalid capability. Please update to W3C Syntax: https://www.selenium.dev/blog/2022/legacy-protocol-support/
]]></system-err>
  </testcase>
  <testcase name="Perform Create Operation" classname="Perform CRUD operations in Petstore Application" time="14.8">
    <system-out><![CDATA[Request method:	POST
Request URI:	https://petstore.swagger.io/v2/pet
Proxy:			<none>
Request params:	<none>
Query params:	<none>
Form params:	<none>
Path params:	<none>
Headers:		accept=application/json
				Content-Type=application/json
Cookies:		<none>
Multiparts:		<none>
Body:
{
    "id": 1,
    "category": {
        "id": 1,
        "name": "string"
    },
    "name": "doggie",
    "photoUrls": [
        "string"
    ],
    "tags": [
        {
            "id": 1,
            "name": "string"
        }
    ],
    "status": "available"
}
{
    "id": 1,
    "category": {
        "id": 1,
        "name": "string"
    },
    "name": "doggie",
    "photoUrls": [
        "string"
    ],
    "tags": [
        {
            "id": 1,
            "name": "string"
        }
    ],
    "status": "available"
}
]]></system-out>
  </testcase>
  <testcase name="Perform Retrive Operation" classname="Perform CRUD operations in Petstore Application" time="1.347">
    <system-out><![CDATA[Request method:	GET
Request URI:	https://petstore.swagger.io/v2/pet/1
Proxy:			<none>
Request params:	<none>
Query params:	<none>
Form params:	<none>
Path params:	<none>
Headers:		accept=application/json
Cookies:		<none>
Multiparts:		<none>
Body:			<none>
{
    "id": 1,
    "category": {
        "id": 1,
        "name": "string"
    },
    "name": "doggie",
    "photoUrls": [
        "string"
    ],
    "tags": [
        {
            "id": 1,
            "name": "string"
        }
    ],
    "status": "available"
}
]]></system-out>
  </testcase>
  <testcase name="Perform Update Operation" classname="Perform CRUD operations in Petstore Application" time="1.364">
    <system-out><![CDATA[Request method:	PUT
Request URI:	https://petstore.swagger.io/v2/pet
Proxy:			<none>
Request params:	<none>
Query params:	<none>
Form params:	<none>
Path params:	<none>
Headers:		accept=application/json
				Content-Type=application/json
Cookies:		<none>
Multiparts:		<none>
Body:
{
    "id": 1,
    "category": {
        "id": 1,
        "name": "string"
    },
    "name": "cat",
    "photoUrls": [
        "string"
    ],
    "tags": [
        {
            "id": 1,
            "name": "string"
        }
    ],
    "status": "available"
}
{
    "id": 1,
    "category": {
        "id": 1,
        "name": "string"
    },
    "name": "cat",
    "photoUrls": [
        "string"
    ],
    "tags": [
        {
            "id": 1,
            "name": "string"
        }
    ],
    "status": "available"
}
]]></system-out>
  </testcase>
  <testcase name="Perform Delete Operation" classname="Perform CRUD operations in Petstore Application" time="1.319">
    <system-out><![CDATA[Request method:	DELETE
Request URI:	https://petstore.swagger.io/v2/pet/1
Proxy:			<none>
Request params:	<none>
Query params:	<none>
Form params:	<none>
Path params:	<none>
Headers:		accept=application/json
Cookies:		<none>
Multiparts:		<none>
Body:			<none>
{
    "code": 200,
    "type": "unknown",
    "message": "1"
}
]]></system-out>
  </testcase>
</testsuite>